<?xml version="1.0" encoding="UTF-8"?>
<testng-results skipped="0" failed="0" ignored="0" total="1" passed="1">
  <reporter-output>
  </reporter-output>
  <suite name="Suite" duration-ms="135" started-at="2020-03-05T16:07:26Z" finished-at="2020-03-05T16:07:26Z">
    <groups>
    </groups>
    <test name="Test" duration-ms="135" started-at="2020-03-05T16:07:26Z" finished-at="2020-03-05T16:07:26Z">
      <class name="org.demo.JSONRead">
        <test-method status="PASS" signature="test01()[pri:0, instance:org.demo.JSONRead@51efea79]" name="test01" duration-ms="50" started-at="2020-03-05T16:07:26Z" finished-at="2020-03-05T16:07:26Z">
          <reporter-output>
          </reporter-output>
        </test-method> <!-- test01 -->
      </class> <!-- org.demo.JSONRead -->
    </test> <!-- Test -->
  </suite> <!-- Suite -->
</testng-results>
