<?xml version="1.0" encoding="UTF-8"?>
<testng-results ignored="0" total="1" passed="1" failed="0" skipped="0">
  <reporter-output>
  </reporter-output>
  <suite started-at="2020-03-05T16:26:07Z" name="Suite" finished-at="2020-03-05T16:26:07Z" duration-ms="56">
    <groups>
    </groups>
    <test started-at="2020-03-05T16:26:07Z" name="Test" finished-at="2020-03-05T16:26:07Z" duration-ms="56">
      <class name="org.demo.JSONReadTest">
        <test-method signature="test01()[pri:0, instance:org.demo.JSONReadTest@515c6049]" started-at="2020-03-05T16:26:07Z" name="test01" finished-at="2020-03-05T16:26:07Z" duration-ms="24" status="PASS">
          <reporter-output>
          </reporter-output>
        </test-method> <!-- test01 -->
      </class> <!-- org.demo.JSONReadTest -->
    </test> <!-- Test -->
  </suite> <!-- Suite -->
</testng-results>
