<?xml version="1.0" encoding="UTF-8"?>
<testng-results ignored="0" total="1" passed="1" failed="0" skipped="0">
  <reporter-output>
  </reporter-output>
  <suite started-at="2020-02-21T03:38:45Z" name="Default suite" finished-at="2020-02-21T03:39:03Z" duration-ms="18136">
    <groups>
    </groups>
    <test started-at="2020-02-21T03:38:45Z" name="Default test" finished-at="2020-02-21T03:39:03Z" duration-ms="18136">
      <class name="com.tests.Login_Test">
        <test-method is-config="true" signature="setUp()[pri:0, instance:com.tests.Login_Test@5b03b9fe]" started-at="2020-02-21T09:08:45Z" name="setUp" finished-at="2020-02-21T09:08:54Z" duration-ms="8219" status="PASS">
          <reporter-output>
          </reporter-output>
        </test-method> <!-- setUp -->
        <test-method signature="test01()[pri:0, instance:com.tests.Login_Test@5b03b9fe]" started-at="2020-02-21T09:08:54Z" name="test01" finished-at="2020-02-21T09:09:03Z" duration-ms="9097" status="PASS">
          <reporter-output>
          </reporter-output>
        </test-method> <!-- test01 -->
        <test-method is-config="true" signature="tearDown()[pri:0, instance:com.tests.Login_Test@5b03b9fe]" started-at="2020-02-21T09:09:03Z" name="tearDown" finished-at="2020-02-21T09:09:03Z" duration-ms="771" status="PASS">
          <reporter-output>
          </reporter-output>
        </test-method> <!-- tearDown -->
      </class> <!-- com.tests.Login_Test -->
    </test> <!-- Default test -->
  </suite> <!-- Default suite -->
</testng-results>
